{"C:\\Users\\Francisco_Do_Vale\\projects\\epam\\benchmark-francisco\\studies\\linked-list.js": {"path":"C:\\Users\\Francisco_Do_Vale\\projects\\epam\\benchmark-francisco\\studies\\linked-list.js","statementMap":{"0":{"start":{"line":2,"column":2},"end":{"line":2,"column":17}},"1":{"start":{"line":7,"column":4},"end":{"line":7,"column":27}},"2":{"start":{"line":8,"column":4},"end":{"line":8,"column":26}},"3":{"start":{"line":14,"column":4},"end":{"line":14,"column":20}},"4":{"start":{"line":15,"column":4},"end":{"line":15,"column":26}},"5":{"start":{"line":16,"column":4},"end":{"line":16,"column":29}},"6":{"start":{"line":21,"column":4},"end":{"line":30,"column":5}},"7":{"start":{"line":22,"column":6},"end":{"line":22,"column":26}},"8":{"start":{"line":23,"column":6},"end":{"line":23,"column":26}},"9":{"start":{"line":24,"column":6},"end":{"line":24,"column":23}},"10":{"start":{"line":26,"column":23},"end":{"line":26,"column":54}},"11":{"start":{"line":27,"column":6},"end":{"line":27,"column":30}},"12":{"start":{"line":28,"column":6},"end":{"line":28,"column":26}},"13":{"start":{"line":29,"column":6},"end":{"line":29,"column":27}},"14":{"start":{"line":32,"column":2},"end":{"line":32,"column":16}},"15":{"start":{"line":37,"column":4},"end":{"line":46,"column":5}},"16":{"start":{"line":38,"column":6},"end":{"line":38,"column":23}},"17":{"start":{"line":40,"column":6},"end":{"line":40,"column":26}},"18":{"start":{"line":41,"column":6},"end":{"line":43,"column":4}},"19":{"start":{"line":42,"column":8},"end":{"line":42,"column":31}},"20":{"start":{"line":45,"column":3},"end":{"line":45,"column":23}},"21":{"start":{"line":47,"column":4},"end":{"line":47,"column":18}},"22":{"start":{"line":51,"column":17},"end":{"line":51,"column":34}},"23":{"start":{"line":53,"column":4},"end":{"line":55,"column":5}},"24":{"start":{"line":54,"column":6},"end":{"line":54,"column":37}},"25":{"start":{"line":57,"column":4},"end":{"line":59,"column":5}},"26":{"start":{"line":58,"column":3},"end":{"line":58,"column":45}},"27":{"start":{"line":61,"column":4},"end":{"line":61,"column":17}},"28":{"start":{"line":65,"column":4},"end":{"line":77,"column":5}},"29":{"start":{"line":66,"column":20},"end":{"line":66,"column":29}},"30":{"start":{"line":68,"column":6},"end":{"line":74,"column":7}},"31":{"start":{"line":69,"column":8},"end":{"line":69,"column":33}},"32":{"start":{"line":71,"column":25},"end":{"line":71,"column":53}},"33":{"start":{"line":72,"column":8},"end":{"line":72,"column":32}},"34":{"start":{"line":73,"column":8},"end":{"line":73,"column":37}},"35":{"start":{"line":75,"column":6},"end":{"line":75,"column":20}},"36":{"start":{"line":76,"column":6},"end":{"line":76,"column":29}},"37":{"start":{"line":79,"column":4},"end":{"line":79,"column":16}},"38":{"start":{"line":83,"column":4},"end":{"line":89,"column":5}},"39":{"start":{"line":84,"column":17},"end":{"line":84,"column":26}},"40":{"start":{"line":85,"column":6},"end":{"line":87,"column":7}},"41":{"start":{"line":85,"column":19},"end":{"line":85,"column":20}},"42":{"start":{"line":86,"column":8},"end":{"line":86,"column":25}},"43":{"start":{"line":88,"column":6},"end":{"line":88,"column":18}},"44":{"start":{"line":90,"column":4},"end":{"line":90,"column":16}},"45":{"start":{"line":94,"column":13},"end":{"line":94,"column":29}},"46":{"start":{"line":95,"column":0},"end":{"line":95,"column":17}},"47":{"start":{"line":96,"column":0},"end":{"line":96,"column":18}},"48":{"start":{"line":97,"column":0},"end":{"line":97,"column":17}},"49":{"start":{"line":99,"column":0},"end":{"line":99,"column":22}},"50":{"start":{"line":100,"column":0},"end":{"line":100,"column":28}}},"fnMap":{"0":{"name":"defaultEquals","decl":{"start":{"line":1,"column":9},"end":{"line":1,"column":22}},"loc":{"start":{"line":1,"column":29},"end":{"line":3,"column":1}},"line":1},"1":{"name":"(anonymous_1)","decl":{"start":{"line":6,"column":2},"end":{"line":6,"column":3}},"loc":{"start":{"line":6,"column":23},"end":{"line":9,"column":3}},"line":6},"2":{"name":"(anonymous_2)","decl":{"start":{"line":13,"column":2},"end":{"line":13,"column":3}},"loc":{"start":{"line":13,"column":40},"end":{"line":17,"column":2}},"line":13},"3":{"name":"(anonymous_3)","decl":{"start":{"line":19,"column":2},"end":{"line":19,"column":3}},"loc":{"start":{"line":19,"column":35},"end":{"line":33,"column":3}},"line":19},"4":{"name":"(anonymous_4)","decl":{"start":{"line":35,"column":2},"end":{"line":35,"column":3}},"loc":{"start":{"line":35,"column":21},"end":{"line":48,"column":3}},"line":35},"5":{"name":"(anonymous_5)","decl":{"start":{"line":50,"column":2},"end":{"line":50,"column":3}},"loc":{"start":{"line":50,"column":30},"end":{"line":62,"column":3}},"line":50},"6":{"name":"(anonymous_6)","decl":{"start":{"line":64,"column":2},"end":{"line":64,"column":3}},"loc":{"start":{"line":64,"column":18},"end":{"line":80,"column":3}},"line":64},"7":{"name":"(anonymous_7)","decl":{"start":{"line":82,"column":2},"end":{"line":82,"column":3}},"loc":{"start":{"line":82,"column":22},"end":{"line":91,"column":3}},"line":82}},"branchMap":{"0":{"loc":{"start":{"line":13,"column":14},"end":{"line":13,"column":38}},"type":"default-arg","locations":[{"start":{"line":13,"column":25},"end":{"line":13,"column":38}}],"line":13},"1":{"loc":{"start":{"line":21,"column":4},"end":{"line":30,"column":5}},"type":"if","locations":[{"start":{"line":21,"column":4},"end":{"line":30,"column":5}},{"start":{"line":21,"column":4},"end":{"line":30,"column":5}}],"line":21},"2":{"loc":{"start":{"line":37,"column":4},"end":{"line":46,"column":5}},"type":"if","locations":[{"start":{"line":37,"column":4},"end":{"line":46,"column":5}},{"start":{"line":37,"column":4},"end":{"line":46,"column":5}}],"line":37},"3":{"loc":{"start":{"line":50,"column":16},"end":{"line":50,"column":28}},"type":"default-arg","locations":[{"start":{"line":50,"column":24},"end":{"line":50,"column":28}}],"line":50},"4":{"loc":{"start":{"line":53,"column":4},"end":{"line":55,"column":5}},"type":"if","locations":[{"start":{"line":53,"column":4},"end":{"line":55,"column":5}},{"start":{"line":53,"column":4},"end":{"line":55,"column":5}}],"line":53},"5":{"loc":{"start":{"line":57,"column":4},"end":{"line":59,"column":5}},"type":"if","locations":[{"start":{"line":57,"column":4},"end":{"line":59,"column":5}},{"start":{"line":57,"column":4},"end":{"line":59,"column":5}}],"line":57},"6":{"loc":{"start":{"line":57,"column":8},"end":{"line":57,"column":42}},"type":"binary-expr","locations":[{"start":{"line":57,"column":8},"end":{"line":57,"column":18}},{"start":{"line":57,"column":22},"end":{"line":57,"column":42}}],"line":57},"7":{"loc":{"start":{"line":65,"column":4},"end":{"line":77,"column":5}},"type":"if","locations":[{"start":{"line":65,"column":4},"end":{"line":77,"column":5}},{"start":{"line":65,"column":4},"end":{"line":77,"column":5}}],"line":65},"8":{"loc":{"start":{"line":65,"column":8},"end":{"line":65,"column":41}},"type":"binary-expr","locations":[{"start":{"line":65,"column":8},"end":{"line":65,"column":18}},{"start":{"line":65,"column":22},"end":{"line":65,"column":41}}],"line":65},"9":{"loc":{"start":{"line":68,"column":6},"end":{"line":74,"column":7}},"type":"if","locations":[{"start":{"line":68,"column":6},"end":{"line":74,"column":7}},{"start":{"line":68,"column":6},"end":{"line":74,"column":7}}],"line":68},"10":{"loc":{"start":{"line":83,"column":4},"end":{"line":89,"column":5}},"type":"if","locations":[{"start":{"line":83,"column":4},"end":{"line":89,"column":5}},{"start":{"line":83,"column":4},"end":{"line":89,"column":5}}],"line":83},"11":{"loc":{"start":{"line":83,"column":8},"end":{"line":83,"column":42}},"type":"binary-expr","locations":[{"start":{"line":83,"column":8},"end":{"line":83,"column":18}},{"start":{"line":83,"column":22},"end":{"line":83,"column":42}}],"line":83},"12":{"loc":{"start":{"line":85,"column":22},"end":{"line":85,"column":47}},"type":"binary-expr","locations":[{"start":{"line":85,"column":22},"end":{"line":85,"column":31}},{"start":{"line":85,"column":35},"end":{"line":85,"column":47}}],"line":85}},"s":{"0":0,"1":11,"2":11,"3":7,"4":7,"5":7,"6":4,"7":2,"8":2,"9":2,"10":2,"11":2,"12":2,"13":2,"14":4,"15":6,"16":2,"17":4,"18":4,"19":1,"20":4,"21":6,"22":11,"23":11,"24":6,"25":5,"26":4,"27":1,"28":0,"29":0,"30":0,"31":0,"32":0,"33":0,"34":0,"35":0,"36":0,"37":0,"38":4,"39":4,"40":4,"41":4,"42":2,"43":4,"44":0,"45":1,"46":1,"47":1,"48":1,"49":1,"50":1},"f":{"0":0,"1":11,"2":7,"3":4,"4":6,"5":11,"6":0,"7":4},"b":{"0":[7],"1":[2,2],"2":[2,4],"3":[6],"4":[6,5],"5":[4,1],"6":[5,5],"7":[0,0],"8":[0,0],"9":[0,0],"10":[4,0],"11":[4,4],"12":[6,2]},"_coverageSchema":"1a1c01bbd47fc00a2c39e90264f33305004495a9","hash":"c878146d9f98f5d0049821a7ef4166d249a5edc8"}
}
